<?xml version="1.0" encoding="UTF-8"?>
<!-- Generated by org.testng.reporters.JUnitXMLReporter -->
<testsuite hostname="DEL1-LHP-N01469" ignored="4" name="45160355_test" tests="1" failures="0" timestamp="09 Jul 2018 08:17:22 GMT" time="12.32" errors="0">
  <testcase name="clickBrowserTabAndFillFormPage" time="12.304" classname="goal.MyLearn.Assignments.SelendroidApp"/>
  <testcase name="getApplicationTitle" time="0.0" classname="goal.MyLearn.Assignments.SelendroidApp">
    <ignored/>
  </testcase> <!-- getApplicationTitle -->
  <testcase name="closeApp" time="0.0" classname="goal.MyLearn.Assignments.SelendroidApp">
    <ignored/>
  </testcase> <!-- closeApp -->
  <testcase name="clickBrowserTabAndSelectVehicleWithName" time="0.0" classname="goal.MyLearn.Assignments.SelendroidApp">
    <ignored/>
  </testcase> <!-- clickBrowserTabAndSelectVehicleWithName -->
  <testcase name="createNewUser" time="0.0" classname="goal.MyLearn.Assignments.SelendroidApp">
    <ignored/>
  </testcase> <!-- createNewUser -->
</testsuite> <!-- 45160355_test -->
