<?xml version="1.0" encoding="UTF-8"?>
<!-- Generated by org.testng.reporters.JUnitXMLReporter -->
<testsuite hostname="DEL1-LHP-N01469" ignored="0" name="Test" tests="2" failures="0" timestamp="21 Jun 2018 06:46:13 GMT" time="0.08" errors="0">
  <testcase name="testMethod" time="0.0" classname="goal.MyLearn.Assignments.FirstTestClass">
    <skipped/>
  </testcase> <!-- testMethod -->
  <testcase name="testMethod" time="0.001" classname="goal.MyLearn.Assignments.SimpleTest"/>
</testsuite> <!-- Test -->
